[1/56] discount_factor=0.5, learning_rate=0.1, episodes=10, iterations=50
[[-0.35738987 -0.1551262  -0.36304218 -0.18127572 -0.93793798 -0.10954267]
 [-0.78423579 -0.97679931 -0.73252354 -0.69269773 -0.72828442 -1.4490767 ]
 [-0.62041593 -0.79788517 -0.50193071 -0.82994776 -0.88699303 -0.85673256]
 ...
 [-0.96503738 -0.80979409 -0.96355768 -0.67968644 -1.06436435 -1.3306412 ]
 [-0.85651155 -0.44598256 -0.72431829 -0.04825471 -0.36241259 -0.77474147]
 [-0.64403118 -0.86876032 -0.23518153 -0.14842526 -0.07438701 -0.8619286 ]]
{'discount_factor': 0.5, 'learning_rate': 0.1, 'episodes': 10, 'iterations': 50, 'average_steps': 200.0, 'average_reward': -3.8728000000000002}
-=-=-=-=-=-=-=-=-=-=-=-=-=-=-=-=-=-=-=-=-=-=-=-=-=-=-=-=-=-=-=-=-=-=-=-=-=-=-=-=
[2/56] discount_factor=0.5, learning_rate=0.1, episodes=10, iterations=100
[[-0.13169292 -0.52580072 -0.52852649 -0.19631879 -0.62456781 -0.74149658]
 [-0.62308507 -0.61029304 -0.62369061 -0.86151598 -0.5983992  -0.66259008]
 [-0.1628199  -0.00569875 -0.34364649 -0.40770435 -0.59392865 -0.2160285 ]
 ...
 [-0.07826348 -0.22910946 -0.35796412 -0.71888938 -0.60802152 -0.60976916]
 [-0.48033628 -0.93618539 -0.63872819 -0.52666749 -0.93141438 -0.96915724]
 [-0.64500716 -0.57547093 -0.91565995 -0.0671313  -0.26791799 -0.60224979]]
{'discount_factor': 0.5, 'learning_rate': 0.1, 'episodes': 10, 'iterations': 100, 'average_steps': 200.0, 'average_reward': -4.677850000000001}
-=-=-=-=-=-=-=-=-=-=-=-=-=-=-=-=-=-=-=-=-=-=-=-=-=-=-=-=-=-=-=-=-=-=-=-=-=-=-=-=
[3/56] discount_factor=0.5, learning_rate=0.1, episodes=50, iterations=50
[[-0.06481395 -0.35010916 -0.01295037 -0.29193402 -0.11957821 -0.15306017]
 [-0.934332   -0.96392706 -0.97021279 -0.95523966 -0.95359045 -1.75462958]
 [-1.19551645 -1.17628822 -1.20401678 -1.19495153 -1.16908882 -1.62197912]
 ...
 [-0.96764213 -0.93826454 -0.91534164 -0.96249388 -1.66307742 -1.20460615]
 [-0.68384703 -0.46975058 -0.97790619 -0.53267878 -1.35915577 -1.22058585]
 [-0.69024816 -0.72368306 -0.72485282 -0.82643234 -1.06742129 -1.35154172]]
{'discount_factor': 0.5, 'learning_rate': 0.1, 'episodes': 50, 'iterations': 50, 'average_steps': 200.0, 'average_reward': -1.18}
-=-=-=-=-=-=-=-=-=-=-=-=-=-=-=-=-=-=-=-=-=-=-=-=-=-=-=-=-=-=-=-=-=-=-=-=-=-=-=-=
[4/56] discount_factor=0.5, learning_rate=0.1, episodes=50, iterations=100
[[-0.26461917 -0.46723112 -0.86609065 -0.896631   -0.29023988 -0.9471404 ]
 [-0.65179589 -0.61432333 -0.61176552 -0.65937274 -0.68915418 -1.05655138]
 [-1.04344878 -1.02772048 -1.03452417 -1.00853621 -1.0062353  -1.41603902]
 ...
 [-0.98945007 -0.60650024 -0.65314514 -0.99792767 -1.43951212 -1.3888627 ]
 [-1.04275832 -1.04795153 -1.02970375 -1.01444035 -1.24408724 -1.95503292]
 [-0.65861651 -0.66372704 -0.94413981 -0.65844267 -1.05126246 -1.43221186]]
{'discount_factor': 0.5, 'learning_rate': 0.1, 'episodes': 50, 'iterations': 100, 'average_steps': 200.0, 'average_reward': -1.7182}
-=-=-=-=-=-=-=-=-=-=-=-=-=-=-=-=-=-=-=-=-=-=-=-=-=-=-=-=-=-=-=-=-=-=-=-=-=-=-=-=
[5/56] discount_factor=0.5, learning_rate=0.1, episodes=100, iterations=50
[[-0.80890587 -0.75269488 -0.16983271 -0.71539967 -0.95768621 -0.04691977]
 [-1.20707216 -1.18022688 -1.18504099 -1.18643702 -1.18501947 -1.44068563]
 [-0.50259814 -0.81969268 -0.43108371 -0.47064834 -0.51770262 -1.3477818 ]
 ...
 [-1.01178907 -1.01323268 -0.97399208 -1.02563836 -1.71611734 -1.02090908]
 [-0.97180961 -0.87442623 -0.9547181  -0.9135809  -1.66281781 -1.55870237]
 [-0.68078867 -0.75041198 -0.95511873 -0.71036505 -1.4416262  -1.46917845]]
{'discount_factor': 0.5, 'learning_rate': 0.1, 'episodes': 100, 'iterations': 50, 'average_steps': 200.0, 'average_reward': -1.5363999999999998}
-=-=-=-=-=-=-=-=-=-=-=-=-=-=-=-=-=-=-=-=-=-=-=-=-=-=-=-=-=-=-=-=-=-=-=-=-=-=-=-=
[6/56] discount_factor=0.5, learning_rate=0.1, episodes=100, iterations=100
[[-0.97295829 -0.20082311 -0.49702048 -0.75422428 -0.57795336 -0.17862159]
 [-1.31738973 -1.28187709 -1.28414126 -1.27174794 -1.28588391 -1.62429688]
 [-1.13853128 -1.1084267  -1.13242223 -1.11188847 -1.12196156 -2.01856288]
 ...
 [-0.89531242 -0.81919988 -0.81887007 -0.79656726 -1.36551975 -1.50111735]
 [-0.91216476 -0.91620353 -0.91538005 -0.95515157 -2.00575074 -1.45304487]
 [-1.02592858 -1.05393967 -1.05626758 -1.05480903 -1.74860946 -2.39689578]]
{'discount_factor': 0.5, 'learning_rate': 0.1, 'episodes': 100, 'iterations': 100, 'average_steps': 200.0, 'average_reward': -1.44505}
-=-=-=-=-=-=-=-=-=-=-=-=-=-=-=-=-=-=-=-=-=-=-=-=-=-=-=-=-=-=-=-=-=-=-=-=-=-=-=-=
[7/56] discount_factor=0.5, learning_rate=0.1, episodes=500, iterations=50
[[-0.11102755 -0.72730403 -0.20794716 -0.92734045 -0.32406971 -0.8497234 ]
 [-1.89809536 -1.89351901 -1.89519713 -1.89742695 -1.89567153 -4.51938554]
 [-1.76227466 -1.75738788 -1.7617479  -1.75481694 -1.75083142 -3.12963328]
 ...
 [-1.34505409 -1.32501408 -1.34617679 -1.36417665 -2.17346983 -2.24300068]
 [-1.77989698 -1.7841173  -1.77589932 -1.78228187 -2.77644525 -2.15160633]
 [-0.74054192 -0.76315149 -0.7188954   0.0885062  -0.80992218 -1.38490907]]
{'discount_factor': 0.5, 'learning_rate': 0.1, 'episodes': 500, 'iterations': 50, 'average_steps': 200.0, 'average_reward': -1.0}
-=-=-=-=-=-=-=-=-=-=-=-=-=-=-=-=-=-=-=-=-=-=-=-=-=-=-=-=-=-=-=-=-=-=-=-=-=-=-=-=
[8/56] discount_factor=0.5, learning_rate=0.1, episodes=500, iterations=100
[[-0.04941129 -0.99646621 -0.74108463 -0.45316383 -0.27505299 -0.87665168]
 [-1.87523346 -1.87019239 -1.87319521 -1.8727329  -1.87185573 -3.39248887]
 [-1.7600146  -1.76054982 -1.7609622  -1.77251959 -1.69139095 -2.57860644]
 ...
 [-1.26427479 -1.15342811 -1.27549252 -1.26653772 -1.51839835 -2.4991617 ]
 [-1.82161725 -1.82194514 -1.82215422 -1.81680227 -2.80710052 -3.29349105]
 [-0.80324556 -0.9591957  -0.85795137  0.16271871 -1.3744997  -1.45679291]]
{'discount_factor': 0.5, 'learning_rate': 0.1, 'episodes': 500, 'iterations': 100, 'average_steps': 198.06, 'average_reward': -0.965}
-=-=-=-=-=-=-=-=-=-=-=-=-=-=-=-=-=-=-=-=-=-=-=-=-=-=-=-=-=-=-=-=-=-=-=-=-=-=-=-=
[9/56] discount_factor=0.5, learning_rate=0.1, episodes=1000, iterations=50
[[-0.05267983 -0.45385943 -0.56633256 -0.09685286 -0.88812904 -0.66357544]
 [-1.95267846 -1.95050918 -1.95228184 -1.95151772 -1.94990025 -4.83503945]
 [-1.69125606 -1.65623677 -1.66308001 -1.65200473 -1.32879663 -4.60525375]
 ...
 [-1.31472471 -1.25753843 -1.33652849 -1.31140702 -3.70878932 -2.65860239]
 [-1.83444412 -1.83797914 -1.83694314 -1.83853458 -1.86893734 -4.17956878]
 [-0.59655081 -0.45655451 -0.4763345   1.13410059 -0.83080387 -0.91329715]]
{'discount_factor': 0.5, 'learning_rate': 0.1, 'episodes': 1000, 'iterations': 50, 'average_steps': 184.66, 'average_reward': -0.7899999999999998}
-=-=-=-=-=-=-=-=-=-=-=-=-=-=-=-=-=-=-=-=-=-=-=-=-=-=-=-=-=-=-=-=-=-=-=-=-=-=-=-=
[10/56] discount_factor=0.5, learning_rate=0.1, episodes=1000, iterations=100
[[-0.41261513 -0.47516677 -0.81760579 -0.71033482 -0.25687366 -0.82034667]
 [-1.95774618 -1.95784597 -1.95745591 -1.95791944 -1.95649884 -4.57612689]
 [-1.69821242 -1.68820872 -1.68692651 -1.68846629 -1.36561108 -4.67193251]
 ...
 [-1.45093345 -1.43579423 -1.44736996 -1.46746197 -2.74234068 -2.26943369]
 [-1.85663484 -1.85155397 -1.85088795 -1.85836814 -3.27607447 -3.7421567 ]
 [-0.88782014 -0.81351252 -0.81957721  0.90427316 -0.97372478 -0.87930562]]
{'discount_factor': 0.5, 'learning_rate': 0.1, 'episodes': 1000, 'iterations': 100, 'average_steps': 177.1, 'average_reward': -0.7202424242424244}
-=-=-=-=-=-=-=-=-=-=-=-=-=-=-=-=-=-=-=-=-=-=-=-=-=-=-=-=-=-=-=-=-=-=-=-=-=-=-=-=
[11/56] discount_factor=0.5, learning_rate=0.1, episodes=5000, iterations=50
[[-0.79936519 -0.57196848 -0.26343997 -0.44349104 -0.50877238 -0.48956171]
 [-1.96439555 -1.96079109 -1.95756298 -1.95956103 -1.95703465 -5.29951167]
 [-1.73304029 -1.68878239 -1.7305628  -1.67769314 -1.31443604 -5.03999389]
 ...
 [-1.20569454 -1.12376744 -1.19826249 -1.20063782 -1.56778114 -1.55325123]
 [-1.85763502 -1.85907109 -1.85497543 -1.85686302 -3.07297633 -1.95399033]
 [-0.66823492 -0.62704746 -0.94526367  3.3140525  -1.04372489 -1.0089745 ]]
{'discount_factor': 0.5, 'learning_rate': 0.1, 'episodes': 5000, 'iterations': 50, 'average_steps': 102.22, 'average_reward': -0.053999417249417245}
-=-=-=-=-=-=-=-=-=-=-=-=-=-=-=-=-=-=-=-=-=-=-=-=-=-=-=-=-=-=-=-=-=-=-=-=-=-=-=-=
[12/56] discount_factor=0.5, learning_rate=0.1, episodes=5000, iterations=100
[[-0.29110584 -0.2117611  -0.57266797 -0.50519217 -0.87929352 -0.12267992]
 [-1.96775232 -1.95847573 -1.96119802 -1.960978   -1.95741321 -5.34392229]
 [-1.65247909 -1.63274446 -1.63525124 -1.62929223 -1.31516341 -3.84343696]
 ...
 [-1.49707058 -1.44772218 -1.48411018 -1.48380045 -1.50763305 -1.65046256]
 [-1.83542693 -1.83165614 -1.83366472 -1.83880879 -2.83563353 -2.46420903]
 [-0.65277978 -0.76954187 -0.41843361  4.68156667 -0.74806369 -0.76305681]]
{'discount_factor': 0.5, 'learning_rate': 0.1, 'episodes': 5000, 'iterations': 100, 'average_steps': 91.09, 'average_reward': 0.03323106060606059}
-=-=-=-=-=-=-=-=-=-=-=-=-=-=-=-=-=-=-=-=-=-=-=-=-=-=-=-=-=-=-=-=-=-=-=-=-=-=-=-=
[13/56] discount_factor=0.5, learning_rate=0.1, episodes=10000, iterations=50
[[-0.62485919 -0.59655356 -0.76269841 -0.71651031 -0.26568966 -0.97947943]
 [-1.97118105 -1.96991256 -1.96469604 -1.96502735 -1.95713624 -5.98402214]
 [-1.74316007 -1.67799744 -1.72813377 -1.67830537 -1.31475783 -4.98699052]
 ...
 [-1.43473476 -1.25410145 -1.43596106 -1.44389356 -2.62818328 -3.99784944]
 [-1.86059167 -1.861526   -1.86292798 -1.86174773 -2.73073656 -2.15842567]
 [-0.07878084 -0.22508132  0.12633609  7.67443793 -0.87080094 -0.87878457]]
{'discount_factor': 0.5, 'learning_rate': 0.1, 'episodes': 10000, 'iterations': 50, 'average_steps': 46.68, 'average_reward': 0.36822120526532304}
-=-=-=-=-=-=-=-=-=-=-=-=-=-=-=-=-=-=-=-=-=-=-=-=-=-=-=-=-=-=-=-=-=-=-=-=-=-=-=-=
[14/56] discount_factor=0.5, learning_rate=0.1, episodes=10000, iterations=100
[[-0.10940607 -0.93028835 -0.30526802 -0.46605352 -0.24151265 -0.027492  ]
 [-1.9693876  -1.96339929 -1.96671091 -1.96655978 -1.9575999  -6.74345262]
 [-1.77724915 -1.71838242 -1.81036861 -1.71846006 -1.31401397 -7.57532282]
 ...
 [-1.30349305 -0.91875779 -1.33627817 -1.3301764  -1.91455677 -2.08470109]
 [-1.87258511 -1.87214828 -1.86901402 -1.87092335 -2.93724659 -2.89909822]
 [-1.05928689 -1.03040111 -1.0678425   6.98768173 -1.83783489 -1.63641991]]
{'discount_factor': 0.5, 'learning_rate': 0.1, 'episodes': 10000, 'iterations': 100, 'average_steps': 35.31, 'average_reward': 0.5172959939956844}
-=-=-=-=-=-=-=-=-=-=-=-=-=-=-=-=-=-=-=-=-=-=-=-=-=-=-=-=-=-=-=-=-=-=-=-=-=-=-=-=
[15/56] discount_factor=0.5, learning_rate=0.01, episodes=10, iterations=50
[[-0.35872301 -0.72797831 -0.25756032 -0.81565907 -0.41387592 -0.38060365]
 [-0.67461024 -0.96782498 -0.79637909 -0.92489289 -0.38056505 -0.61317417]
 [-0.74394018 -0.04395106 -0.80794389 -0.97990221 -0.85582782 -0.64630972]
 ...
 [-0.81527242 -0.4585453  -0.06369602 -0.22260775 -0.41976717 -0.95975178]
 [-0.09028967 -0.38023704 -0.38553638 -0.32646606 -0.79427657 -0.15784687]
 [-0.65327147 -0.33779773 -0.09239813 -0.28485223 -0.68456213 -0.37348493]]
{'discount_factor': 0.5, 'learning_rate': 0.01, 'episodes': 10, 'iterations': 50, 'average_steps': 200.0, 'average_reward': -4.951000000000001}
-=-=-=-=-=-=-=-=-=-=-=-=-=-=-=-=-=-=-=-=-=-=-=-=-=-=-=-=-=-=-=-=-=-=-=-=-=-=-=-=
[16/56] discount_factor=0.5, learning_rate=0.01, episodes=10, iterations=100
[[-0.86792143 -0.42949907 -0.07692846 -0.45555293 -0.6818475  -0.53066778]
 [-0.08193241 -0.27374883 -0.94680316 -0.51061312 -0.82886812 -0.93287552]
 [-0.48489952 -0.2365044  -0.87471419 -0.48089308 -0.76771382 -0.96682903]
 ...
 [-0.08055306 -0.87672478 -0.72153828 -0.76983665 -0.00880986 -0.62111094]
 [-0.32722592 -0.53902914 -0.34383192 -0.72021536 -0.00843259 -0.06911509]
 [-0.70915222 -0.91882892 -0.87291185 -0.95184538 -0.5046431  -0.34583872]]
{'discount_factor': 0.5, 'learning_rate': 0.01, 'episodes': 10, 'iterations': 100, 'average_steps': 200.0, 'average_reward': -4.23145}
-=-=-=-=-=-=-=-=-=-=-=-=-=-=-=-=-=-=-=-=-=-=-=-=-=-=-=-=-=-=-=-=-=-=-=-=-=-=-=-=
[17/56] discount_factor=0.5, learning_rate=0.01, episodes=50, iterations=50
[[-0.67788948 -0.42609658 -0.12782697 -0.78308366 -0.64209497 -0.02548714]
 [-0.19019805 -0.1808364  -0.31123097 -0.68929493 -0.36968611 -0.86327296]
 [-0.67370125 -0.59862585 -0.92414743 -0.90979933 -0.21502386 -0.0371272 ]
 ...
 [-0.93250261 -0.06009456 -0.24158572 -0.94715023 -0.54505745 -0.25512042]
 [-0.85681598 -0.87559593 -0.40355857 -0.30437623 -0.34057663 -0.17556215]
 [-0.45610114 -0.91497037 -0.56980821 -0.00151416 -0.7712492  -0.57169205]]
{'discount_factor': 0.5, 'learning_rate': 0.01, 'episodes': 50, 'iterations': 50, 'average_steps': 200.0, 'average_reward': -4.415500000000001}
-=-=-=-=-=-=-=-=-=-=-=-=-=-=-=-=-=-=-=-=-=-=-=-=-=-=-=-=-=-=-=-=-=-=-=-=-=-=-=-=
[18/56] discount_factor=0.5, learning_rate=0.01, episodes=50, iterations=100
[[-0.06106297 -0.70248031 -0.3447034  -0.15623189 -0.10290329 -0.92884562]
 [-0.4692772  -0.29854518 -0.30015019 -0.46865616 -0.47774212 -0.50337183]
 [-0.20751605 -0.2695161  -0.10409203 -0.32074997 -0.08214269 -0.53902019]
 ...
 [-0.68387505 -0.99508117 -0.12859614 -0.24277458 -0.97486028 -0.03297293]
 [-0.94863859 -0.97602716 -0.95077132 -0.94760437 -0.95010237 -0.9505351 ]
 [-0.3252227  -0.64443336 -0.12023275 -0.7160641  -0.916798   -0.60576646]]
{'discount_factor': 0.5, 'learning_rate': 0.01, 'episodes': 50, 'iterations': 100, 'average_steps': 200.0, 'average_reward': -2.886850000000001}
-=-=-=-=-=-=-=-=-=-=-=-=-=-=-=-=-=-=-=-=-=-=-=-=-=-=-=-=-=-=-=-=-=-=-=-=-=-=-=-=
[19/56] discount_factor=0.5, learning_rate=0.01, episodes=100, iterations=50
[[-0.5785157  -0.86462065 -0.34874826 -0.09010783 -0.22177051 -0.30638611]
 [-0.73816182 -0.55137118 -0.50178767 -0.5007746  -0.50679135 -0.5637149 ]
 [-0.8070422  -0.33273536 -0.31473324 -0.30973285 -0.87667006 -0.96370365]
 ...
 [-0.8094149  -0.49556725 -0.27574573 -0.50484451 -0.23088742 -0.85643239]
 [-0.64883026 -0.65473102 -0.79525146 -0.93884186 -0.66141211 -0.72599059]
 [-0.42852037 -0.27223052 -0.23938814 -0.24581386 -0.67245376 -1.08213496]]
{'discount_factor': 0.5, 'learning_rate': 0.01, 'episodes': 100, 'iterations': 50, 'average_steps': 200.0, 'average_reward': -1.8981999999999999}
-=-=-=-=-=-=-=-=-=-=-=-=-=-=-=-=-=-=-=-=-=-=-=-=-=-=-=-=-=-=-=-=-=-=-=-=-=-=-=-=
[20/56] discount_factor=0.5, learning_rate=0.01, episodes=100, iterations=100
[[-0.73470156 -0.68348432 -0.90227727 -0.90342126 -0.34708852 -0.3557865 ]
 [-0.10297612 -0.13082604 -0.14502853 -0.59572954 -0.66438242 -0.51897989]
 [-0.65076166 -0.64565676 -0.64954106 -0.90763114 -0.65192363 -0.66585253]
 ...
 [-0.79070927 -0.13001827 -0.7219457  -0.93894878 -0.15644884 -0.65687886]
 [-0.5058194  -0.17866889 -0.73636024 -0.11503258 -0.98468465 -0.55419821]
 [-0.8579134  -0.91569121 -0.95899499 -0.81205502 -0.84694607 -0.88458805]]
{'discount_factor': 0.5, 'learning_rate': 0.01, 'episodes': 100, 'iterations': 100, 'average_steps': 200.0, 'average_reward': -1.62775}
-=-=-=-=-=-=-=-=-=-=-=-=-=-=-=-=-=-=-=-=-=-=-=-=-=-=-=-=-=-=-=-=-=-=-=-=-=-=-=-=
[21/56] discount_factor=0.5, learning_rate=0.01, episodes=500, iterations=50
[[-0.28279866 -0.31658451 -0.48288665 -0.59917895 -0.76973389 -0.42122916]
 [-0.66699367 -0.66203719 -0.66579577 -0.66344398 -0.98952261 -0.74291202]
 [-0.7322022  -0.72949803 -0.73272872 -0.73323545 -0.73523244 -1.09758912]
 ...
 [-0.63042574 -0.63325752 -0.7228274  -0.63217523 -0.8163194  -0.72051876]
 [-0.33241153 -0.59205035 -0.74039706 -0.92688344 -0.49223938 -0.32527931]
 [-0.25542954 -0.52601534 -0.88782722 -0.15028595 -0.45308091 -0.58820566]]
{'discount_factor': 0.5, 'learning_rate': 0.01, 'episodes': 500, 'iterations': 50, 'average_steps': 200.0, 'average_reward': -1.18}
-=-=-=-=-=-=-=-=-=-=-=-=-=-=-=-=-=-=-=-=-=-=-=-=-=-=-=-=-=-=-=-=-=-=-=-=-=-=-=-=
[22/56] discount_factor=0.5, learning_rate=0.01, episodes=500, iterations=100
[[-0.70354954 -0.16098202 -0.83278764 -0.01734708 -0.05042677 -0.74905626]
 [-0.90617303 -0.90055278 -0.90207597 -0.90967045 -0.90121932 -0.92115627]
 [-0.908316   -0.90806589 -0.91229382 -0.90988809 -0.91369254 -0.98625662]
 ...
 [-0.69252958 -0.69313279 -0.77953778 -0.69216894 -0.79973184 -0.7109586 ]
 [-0.77000492 -0.76734399 -0.76909833 -0.77136078 -0.83566621 -1.05796161]
 [-0.04051716 -0.66129872 -0.84982439 -0.24227567 -0.45614669 -0.01875168]]
{'discount_factor': 0.5, 'learning_rate': 0.01, 'episodes': 500, 'iterations': 100, 'average_steps': 200.0, 'average_reward': -1.5395499999999998}
-=-=-=-=-=-=-=-=-=-=-=-=-=-=-=-=-=-=-=-=-=-=-=-=-=-=-=-=-=-=-=-=-=-=-=-=-=-=-=-=
[23/56] discount_factor=0.5, learning_rate=0.01, episodes=1000, iterations=50
[[-0.79960793 -0.80425598 -0.40595007 -0.28171688 -0.96630681 -0.60961588]
 [-0.97852728 -0.97568085 -0.97397243 -0.97665711 -0.97706234 -1.0365706 ]
 [-1.23242134 -1.23087405 -1.23028988 -1.22916869 -1.22969707 -1.45011884]
 ...
 [-0.99807693 -0.83825563 -0.83758457 -0.83823562 -0.8826106  -0.96412937]
 [-0.88291454 -0.88245415 -0.88288462 -0.88731716 -1.01359078 -0.96231177]
 [-0.53192351 -0.65401779 -0.89540386 -0.05606251 -0.73452567 -0.57458847]]
{'discount_factor': 0.5, 'learning_rate': 0.01, 'episodes': 1000, 'iterations': 50, 'average_steps': 200.0, 'average_reward': -1.0}
-=-=-=-=-=-=-=-=-=-=-=-=-=-=-=-=-=-=-=-=-=-=-=-=-=-=-=-=-=-=-=-=-=-=-=-=-=-=-=-=
[24/56] discount_factor=0.5, learning_rate=0.01, episodes=1000, iterations=100
[[-0.95834295 -0.83288062 -0.16722103 -0.72018759 -0.47633057 -0.0577779 ]
 [-1.13434968 -1.13237715 -1.13447863 -1.13358508 -1.13485731 -1.41919316]
 [-1.14738834 -1.14726907 -1.14884367 -1.14900704 -1.15083492 -1.24652564]
 ...
 [-1.09245139 -1.09365475 -1.09124032 -1.09013822 -1.17454578 -1.20670342]
 [-1.09449512 -1.09605508 -1.09693544 -1.09860901 -1.12314298 -1.25900406]
 [-0.72783436 -0.81031819 -0.57133439 -0.33740274 -1.00253614 -0.67139087]]
{'discount_factor': 0.5, 'learning_rate': 0.01, 'episodes': 1000, 'iterations': 100, 'average_steps': 200.0, 'average_reward': -1.17775}
-=-=-=-=-=-=-=-=-=-=-=-=-=-=-=-=-=-=-=-=-=-=-=-=-=-=-=-=-=-=-=-=-=-=-=-=-=-=-=-=
[25/56] discount_factor=0.5, learning_rate=0.01, episodes=5000, iterations=50
[[-0.73007596 -0.0493971  -0.53057132 -0.33773946 -0.25583214 -0.40111506]
 [-1.84336552 -1.84320509 -1.8435056  -1.84315889 -1.84341094 -2.54158213]
 [-1.67547661 -1.67550051 -1.68402414 -1.67671623 -1.66039891 -2.07263581]
 ...
 [-1.15113243 -1.1464147  -1.15283222 -1.15450196 -1.37333748 -1.28835857]
 [-1.75583689 -1.7551902  -1.75614489 -1.75650403 -2.04059707 -2.40590001]
 [-0.74383852 -0.54806901 -0.26753171 -0.00969712 -0.25395191 -0.57980081]]
{'discount_factor': 0.5, 'learning_rate': 0.01, 'episodes': 5000, 'iterations': 50, 'average_steps': 196.12, 'average_reward': -0.93}
-=-=-=-=-=-=-=-=-=-=-=-=-=-=-=-=-=-=-=-=-=-=-=-=-=-=-=-=-=-=-=-=-=-=-=-=-=-=-=-=
[26/56] discount_factor=0.5, learning_rate=0.01, episodes=5000, iterations=100
[[-0.81041319 -0.78063178 -0.01579335 -0.86458768 -0.39278793 -0.28320388]
 [-1.85760824 -1.85735206 -1.85709027 -1.8569985  -1.85734273 -2.18326161]
 [-1.61321561 -1.61447489 -1.61278483 -1.61195989 -1.59449298 -2.23656106]
 ...
 [-1.52701196 -1.5275572  -1.5281406  -1.52953265 -1.75401856 -1.80182884]
 [-1.7844769  -1.78438264 -1.78401673 -1.78378277 -2.00579891 -2.52440289]
 [-0.80814697 -0.38873269 -0.98568424 -0.83104331 -0.9256488  -0.45225271]]
{'discount_factor': 0.5, 'learning_rate': 0.01, 'episodes': 5000, 'iterations': 100, 'average_steps': 200.0, 'average_reward': -1.0}
-=-=-=-=-=-=-=-=-=-=-=-=-=-=-=-=-=-=-=-=-=-=-=-=-=-=-=-=-=-=-=-=-=-=-=-=-=-=-=-=
[27/56] discount_factor=0.5, learning_rate=0.01, episodes=10000, iterations=50
[[-0.56429743 -0.20492046 -0.77909554 -0.72773274 -0.1272679  -0.80029168]
 [-1.93996712 -1.93985359 -1.94005336 -1.93993403 -1.93975639 -2.90701328]
 [-1.63471712 -1.63131671 -1.62788059 -1.63132514 -1.35590088 -2.25836646]
 ...
 [-1.29839802 -1.28491809 -1.29500291 -1.29344194 -1.46495913 -1.38732211]
 [-1.82323273 -1.82272765 -1.82333227 -1.82365981 -2.22064232 -1.920053  ]
 [-0.93464948 -0.63377571 -0.64485736  0.70025003 -0.67993393 -0.67583162]]
{'discount_factor': 0.5, 'learning_rate': 0.01, 'episodes': 10000, 'iterations': 50, 'average_steps': 173.28, 'average_reward': -0.6733333333333335}
-=-=-=-=-=-=-=-=-=-=-=-=-=-=-=-=-=-=-=-=-=-=-=-=-=-=-=-=-=-=-=-=-=-=-=-=-=-=-=-=
[28/56] discount_factor=0.5, learning_rate=0.01, episodes=10000, iterations=100
[[-0.04469857 -0.90023191 -0.83310077 -0.70154976 -0.45452846 -0.73041088]
 [-1.94437729 -1.94450773 -1.94459459 -1.94430374 -1.94428847 -3.01730089]
 [-1.6471561  -1.64565664 -1.6594243  -1.64573938 -1.35522674 -2.0201317 ]
 ...
 [-1.37985236 -1.37867806 -1.37797782 -1.37843743 -1.52615462 -1.65092206]
 [-1.80563135 -1.8053958  -1.80589046 -1.80624457 -1.89957871 -2.20009397]
 [-0.38700762 -0.44625827 -0.46322292  0.76040115 -0.44330611 -0.56725357]]
{'discount_factor': 0.5, 'learning_rate': 0.01, 'episodes': 10000, 'iterations': 100, 'average_steps': 182.83, 'average_reward': -0.7904772727272729}
-=-=-=-=-=-=-=-=-=-=-=-=-=-=-=-=-=-=-=-=-=-=-=-=-=-=-=-=-=-=-=-=-=-=-=-=-=-=-=-=
[29/56] discount_factor=0.9, learning_rate=0.1, episodes=10, iterations=50
[[-0.16179099 -0.95582848 -0.43787109 -0.66500882 -0.00424537 -0.42710218]
 [-0.86008282 -0.9629036  -0.37266345 -0.52897588 -0.90776923 -0.84428793]
 [-0.97820496 -0.54676127 -0.12587029 -0.69237549 -0.86846624 -0.53867934]
 ...
 [-0.60441519 -0.29820834 -0.98664183 -0.44596021 -0.96609231 -0.48689578]
 [-0.57219075 -0.86257701 -0.91760603 -0.71691521 -0.73408335 -0.78635475]
 [-0.29657098 -0.21391899 -0.88146402 -0.43319872 -0.2175445  -0.2081931 ]]
{'discount_factor': 0.9, 'learning_rate': 0.1, 'episodes': 10, 'iterations': 50, 'average_steps': 200.0, 'average_reward': -3.6838000000000006}
-=-=-=-=-=-=-=-=-=-=-=-=-=-=-=-=-=-=-=-=-=-=-=-=-=-=-=-=-=-=-=-=-=-=-=-=-=-=-=-=
[30/56] discount_factor=0.9, learning_rate=0.1, episodes=10, iterations=100
[[-0.73749199 -0.4694338  -0.72797984 -0.01853501 -0.46431398 -0.06283986]
 [-0.71250548 -0.63834713 -0.68255115 -0.73187263 -0.69377487 -1.41416417]
 [-0.4678705  -0.13777519 -0.49424473 -0.23096249 -0.09473136 -0.1052698 ]
 ...
 [-0.35209355 -0.77785297 -0.83168382 -0.5027826  -0.42898703 -0.24014178]
 [-0.32261786 -0.04633082 -0.07085571 -0.94453334 -0.17855144 -0.91343077]
 [-0.46397042 -0.26251665 -0.5778688  -0.49941208 -0.88491293 -0.14485196]]
{'discount_factor': 0.9, 'learning_rate': 0.1, 'episodes': 10, 'iterations': 100, 'average_steps': 200.0, 'average_reward': -3.6028000000000002}
-=-=-=-=-=-=-=-=-=-=-=-=-=-=-=-=-=-=-=-=-=-=-=-=-=-=-=-=-=-=-=-=-=-=-=-=-=-=-=-=
[31/56] discount_factor=0.9, learning_rate=0.1, episodes=50, iterations=50
[[-0.28170067 -0.90305717 -0.36437556 -0.94853488 -0.21935878 -0.84511223]
 [-0.97996507 -1.05306959 -1.01030955 -1.03842854 -1.05175887 -1.54852285]
 [-0.99803369 -1.07171213 -1.09314039 -1.11933826 -1.01030119 -1.58325978]
 ...
 [-0.20724587 -0.83425798 -0.49612578 -0.55966983 -0.88094046 -0.90497499]
 [-0.98143478 -1.01088364 -0.99374566 -1.01024284 -1.50413204 -1.01924537]
 [-0.9164804  -0.97877197 -0.90046903 -0.90042525 -1.14892022 -0.96688014]]
{'discount_factor': 0.9, 'learning_rate': 0.1, 'episodes': 50, 'iterations': 50, 'average_steps': 200.0, 'average_reward': -2.4354999999999998}
-=-=-=-=-=-=-=-=-=-=-=-=-=-=-=-=-=-=-=-=-=-=-=-=-=-=-=-=-=-=-=-=-=-=-=-=-=-=-=-=
[32/56] discount_factor=0.9, learning_rate=0.1, episodes=50, iterations=100
[[-0.38006394 -0.39883612 -0.0207343  -0.6051686  -0.52015066 -0.1797337 ]
 [-0.90208468 -0.97111077 -0.96951754 -0.91071612 -0.97455315 -1.88180242]
 [-0.77185157 -0.96506822 -0.74775707 -0.78712854 -0.92095055 -1.58092512]
 ...
 [-0.74032493 -0.74750237 -0.73990948 -0.69204169 -0.80142985 -1.37805214]
 [-0.93827414 -0.99987726 -0.95006582 -0.92304814 -1.35593597 -2.19908898]
 [-0.72509458 -0.55497672 -0.61278062  0.54900337 -0.68852484 -0.62191682]]
{'discount_factor': 0.9, 'learning_rate': 0.1, 'episodes': 50, 'iterations': 100, 'average_steps': 200.0, 'average_reward': -1.7164}
-=-=-=-=-=-=-=-=-=-=-=-=-=-=-=-=-=-=-=-=-=-=-=-=-=-=-=-=-=-=-=-=-=-=-=-=-=-=-=-=
[33/56] discount_factor=0.9, learning_rate=0.1, episodes=100, iterations=50
[[-0.97321506 -0.46958156 -0.27993121 -0.29107957 -0.78221656 -0.18108191]
 [-1.62054185 -1.58968362 -1.58259648 -1.62200764 -1.6026832  -2.20544929]
 [-1.62133063 -1.62213218 -1.61522827 -1.67855721 -1.67432787 -2.13939951]
 ...
 [-1.27263133 -1.31969068 -1.27781151 -1.29891596 -2.12996553 -1.47386139]
 [-1.68169628 -1.68175299 -1.61454147 -1.66712309 -2.47896202 -2.53025046]
 [-0.68944488 -0.71426634 -0.80749646 -0.7589696  -1.26305179 -1.59951783]]
{'discount_factor': 0.9, 'learning_rate': 0.1, 'episodes': 100, 'iterations': 50, 'average_steps': 200.0, 'average_reward': -1.36}
-=-=-=-=-=-=-=-=-=-=-=-=-=-=-=-=-=-=-=-=-=-=-=-=-=-=-=-=-=-=-=-=-=-=-=-=-=-=-=-=
[34/56] discount_factor=0.9, learning_rate=0.1, episodes=100, iterations=100
[[-0.40274183 -0.85646494 -0.89438988 -0.49519742 -0.00977536 -0.62586853]
 [-1.34585255 -1.31901633 -1.31975008 -1.3146867  -1.32232298 -1.61111325]
 [-1.60759754 -1.60626318 -1.54979277 -1.62190727 -1.58681389 -2.54197537]
 ...
 [-1.01595511 -1.01641029 -1.07921613 -1.09878937 -2.10945739 -1.23256828]
 [-1.17886557 -1.17270363 -1.1711797  -1.11003045 -1.13728039 -1.50897288]
 [-0.48103031 -0.19315009 -0.93746841 -0.7857148  -0.38277719 -0.66674203]]
{'discount_factor': 0.9, 'learning_rate': 0.1, 'episodes': 100, 'iterations': 100, 'average_steps': 200.0, 'average_reward': -1.7177499999999997}
-=-=-=-=-=-=-=-=-=-=-=-=-=-=-=-=-=-=-=-=-=-=-=-=-=-=-=-=-=-=-=-=-=-=-=-=-=-=-=-=
[35/56] discount_factor=0.9, learning_rate=0.1, episodes=500, iterations=50
[[-0.1494014  -0.60780516 -0.95538858 -0.44546594 -0.93639968 -0.13413416]
 [-3.86989293 -3.83695781 -3.83623407 -3.85803104 -3.82607354 -5.33044765]
 [-2.4080361  -2.40455349 -2.4223911  -2.44224559  0.71185497 -3.31884477]
 ...
 [-1.7322612  -1.6242141  -1.68286146 -1.73285235 -2.52388416 -2.4420817 ]
 [-2.72700491 -2.71191291 -2.69170356 -2.75431364 -3.62744006 -3.73818402]
 [-0.86895203 -0.6215548  -0.5874671   1.67631826 -1.24592482 -0.90115204]]
{'discount_factor': 0.9, 'learning_rate': 0.1, 'episodes': 500, 'iterations': 50, 'average_steps': 176.92, 'average_reward': -1.3769}
-=-=-=-=-=-=-=-=-=-=-=-=-=-=-=-=-=-=-=-=-=-=-=-=-=-=-=-=-=-=-=-=-=-=-=-=-=-=-=-=
[36/56] discount_factor=0.9, learning_rate=0.1, episodes=500, iterations=100
[[-0.95950614 -0.29038352 -0.80665312 -0.23356164 -0.11822926 -0.27492933]
 [-3.47167486 -3.45192809 -3.50809433 -3.48004424 -3.47934    -4.12757694]
 [-2.3963892  -2.38851312 -2.44233655 -2.45739965 -1.38921798 -3.55767374]
 ...
 [-1.96217288 -1.95946881 -2.00215596 -1.98148843 -2.73163195 -2.02867534]
 [-2.7827857  -2.77434446 -2.80875428 -2.84777507 -3.47391063 -3.50681954]
 [-0.91542501 -0.9356846  -0.93583823  2.72112987 -1.33905339 -1.15553319]]
{'discount_factor': 0.9, 'learning_rate': 0.1, 'episodes': 500, 'iterations': 100, 'average_steps': 192.3, 'average_reward': -1.1545166666666666}
-=-=-=-=-=-=-=-=-=-=-=-=-=-=-=-=-=-=-=-=-=-=-=-=-=-=-=-=-=-=-=-=-=-=-=-=-=-=-=-=
[37/56] discount_factor=0.9, learning_rate=0.1, episodes=1000, iterations=50
[[-0.68882814 -0.37101446 -0.80596417 -0.08004314 -0.23861694 -0.93413256]
 [-3.87973784 -3.90470571 -3.91226496 -3.87681    -0.30741353 -5.09527528]
 [-2.35457207 -2.36227042 -2.369064   -1.69759549  7.20979178 -3.7352002 ]
 ...
 [-0.86668889 -0.77493467 -0.9011208  -0.97776358 -1.48837683 -1.646785  ]
 [-2.8270978  -2.8628621  -2.8805366  -2.82037564 -4.25651434 -3.58380698]
 [-0.82866313 -0.83523368 -0.84866231 -0.27187768 -1.38458629 -1.27105409]]
{'discount_factor': 0.9, 'learning_rate': 0.1, 'episodes': 1000, 'iterations': 50, 'average_steps': 113.3, 'average_reward': -0.13037703962703964}
-=-=-=-=-=-=-=-=-=-=-=-=-=-=-=-=-=-=-=-=-=-=-=-=-=-=-=-=-=-=-=-=-=-=-=-=-=-=-=-=
[38/56] discount_factor=0.9, learning_rate=0.1, episodes=1000, iterations=100
[[-0.4365964  -0.5394623  -0.21614237 -0.28083081 -0.45917194 -0.21575449]
 [-4.07971476 -4.09426129 -4.15311907 -4.11620938 -0.20301115 -4.11992194]
 [-2.37236342 -2.3904339  -2.40556799 -2.40922692  6.78385257 -2.93833183]
 ...
 [-1.64070768 -1.6278681  -1.71367009 -1.73355501 -1.78385074 -2.12876502]
 [-2.80549992 -2.83289611 -2.78913043 -2.82629196 -3.45004418 -3.76579892]
 [-0.74692772 -0.75171277 -0.83937085  4.36339353 -1.34969269 -1.50452647]]
{'discount_factor': 0.9, 'learning_rate': 0.1, 'episodes': 1000, 'iterations': 100, 'average_steps': 131.85, 'average_reward': -0.7279058275058276}
-=-=-=-=-=-=-=-=-=-=-=-=-=-=-=-=-=-=-=-=-=-=-=-=-=-=-=-=-=-=-=-=-=-=-=-=-=-=-=-=
[39/56] discount_factor=0.9, learning_rate=0.1, episodes=5000, iterations=50
[[-0.56581293 -0.31985746 -0.89982103 -0.33158202 -0.14778634 -0.84293359]
 [-3.34257233 -3.64663712 -2.8799049  -2.54337129  1.56174622 -5.23403816]
 [ 0.04339308 -0.60286987 -1.53976691 -0.35597547  7.62587817 -2.37298687]
 ...
 [-1.74520368 -1.50863419 -1.76660113 -1.78137467 -2.61021007 -2.41531062]
 [-2.65133304 -2.64775511 -2.61189253 -2.59959985 -3.30387391 -3.43151415]
 [-0.64546329 -0.52620013 -0.40263098  9.47599453 -0.76308889 -1.33745966]]
{'discount_factor': 0.9, 'learning_rate': 0.1, 'episodes': 5000, 'iterations': 50, 'average_steps': 13.16, 'average_reward': 0.6878408405320171}
-=-=-=-=-=-=-=-=-=-=-=-=-=-=-=-=-=-=-=-=-=-=-=-=-=-=-=-=-=-=-=-=-=-=-=-=-=-=-=-=
[40/56] discount_factor=0.9, learning_rate=0.1, episodes=5000, iterations=100
[[-0.36927572 -0.33767087 -0.83951211 -0.88732272 -0.83043454 -0.25140627]
 [-3.70929877 -3.28304503 -2.68565565 -2.5723755   1.60261013 -6.12125295]
 [-0.53563005 -2.16963628 -1.05305825  0.62655138  7.70933508 -4.68927569]
 ...
 [-1.64859664 -1.35051765 -1.66196196 -1.6621842  -2.81638718 -2.06672226]
 [-2.87984378 -2.89494559 -2.89961303 -2.85547981 -3.7225013  -3.38037857]
 [-0.89131634 -0.49909098 -0.55953185 10.53158048 -1.00462272 -1.50419571]]
{'discount_factor': 0.9, 'learning_rate': 0.1, 'episodes': 5000, 'iterations': 100, 'average_steps': 12.85, 'average_reward': 0.7267027800630739}
-=-=-=-=-=-=-=-=-=-=-=-=-=-=-=-=-=-=-=-=-=-=-=-=-=-=-=-=-=-=-=-=-=-=-=-=-=-=-=-=
[41/56] discount_factor=0.9, learning_rate=0.1, episodes=10000, iterations=50
[[-0.13023053 -0.90346822 -0.14135926 -0.13618708 -0.12991129 -0.14035944]
 [-2.41849273 -1.59103523 -2.86863092 -2.49890028  1.57949662 -5.44795547]
 [ 0.4575881   0.07563221  0.93820228  2.34049658  7.71388713 -2.46193108]
 ...
 [-1.55560718  4.3654559  -1.59244068 -1.64375545 -2.66905729 -1.84091199]
 [-3.03134512 -3.04887645 -3.08984168  0.357531   -3.42807923 -3.2744327 ]
 [-0.69621574 -0.43328942 -0.47856004 14.87226899 -1.23418056 -1.39802129]]
{'discount_factor': 0.9, 'learning_rate': 0.1, 'episodes': 10000, 'iterations': 50, 'average_steps': 13.5, 'average_reward': 0.612212635403812}
-=-=-=-=-=-=-=-=-=-=-=-=-=-=-=-=-=-=-=-=-=-=-=-=-=-=-=-=-=-=-=-=-=-=-=-=-=-=-=-=
[42/56] discount_factor=0.9, learning_rate=0.1, episodes=10000, iterations=100
[[-0.51511875 -0.44254392 -0.10963569 -0.32978989 -0.6770916  -0.57631612]
 [-2.31096105 -1.94775166 -2.65315326 -2.81865326  1.58980292 -6.33870418]
 [ 0.63003868  1.31697286  0.02769151  1.26585419  7.70832764 -2.45508252]
 ...
 [-1.56673224 -0.76626695 -1.56861629 -1.56335779 -2.25188162 -2.20401284]
 [-2.46310055 -0.62467668 -2.48999442 -2.45338794 -3.68876835 -4.66741027]
 [-1.05858247 -0.99962895 -1.02201541 15.93523974 -1.18294232 -2.2140147 ]]
{'discount_factor': 0.9, 'learning_rate': 0.1, 'episodes': 10000, 'iterations': 100, 'average_steps': 13.1, 'average_reward': 0.6772994138214723}
-=-=-=-=-=-=-=-=-=-=-=-=-=-=-=-=-=-=-=-=-=-=-=-=-=-=-=-=-=-=-=-=-=-=-=-=-=-=-=-=
[43/56] discount_factor=0.9, learning_rate=0.01, episodes=10, iterations=50
[[-0.68803077 -0.16408803 -0.12081855 -0.91967973 -0.97938407 -0.36277317]
 [-0.83612856 -0.67657787 -0.67773731 -0.70969152 -0.7420404  -0.9486232 ]
 [-0.90007076 -0.17496326 -0.97739493 -0.62043954 -0.32395673 -0.20299957]
 ...
 [-0.53727606 -0.87780241 -0.83170302 -0.9603741  -0.55520836 -0.18360403]
 [-0.83802377 -0.7686156  -0.20617845 -0.93288306 -0.89782422 -0.27459732]
 [-0.67283427 -0.52173767 -0.71103453 -0.90100745 -0.19992998 -0.03316574]]
{'discount_factor': 0.9, 'learning_rate': 0.01, 'episodes': 10, 'iterations': 50, 'average_steps': 200.0, 'average_reward': -3.8746000000000005}
-=-=-=-=-=-=-=-=-=-=-=-=-=-=-=-=-=-=-=-=-=-=-=-=-=-=-=-=-=-=-=-=-=-=-=-=-=-=-=-=
[44/56] discount_factor=0.9, learning_rate=0.01, episodes=10, iterations=100
[[-0.48971367 -0.66342836 -0.43552598 -0.39220817 -0.15241172 -0.23423178]
 [-0.86229044 -0.92424783 -0.23154818 -0.98065148 -0.40731223 -0.72473879]
 [-0.6979429  -0.73490941 -0.33458819 -0.43396317 -0.0763043  -0.85756747]
 ...
 [-0.73303159 -0.26672432 -0.55856402 -0.45293535 -0.33861698 -0.71402978]
 [-0.14501046 -0.39656865 -0.26453914 -0.33396705 -0.47877552 -0.63534252]
 [-0.92781966 -0.91249007 -0.18421978 -0.35704613 -0.36217419 -0.82693342]]
{'discount_factor': 0.9, 'learning_rate': 0.01, 'episodes': 10, 'iterations': 100, 'average_steps': 200.0, 'average_reward': -4.771}
-=-=-=-=-=-=-=-=-=-=-=-=-=-=-=-=-=-=-=-=-=-=-=-=-=-=-=-=-=-=-=-=-=-=-=-=-=-=-=-=
[45/56] discount_factor=0.9, learning_rate=0.01, episodes=50, iterations=50
[[-0.6206452  -0.08954924 -0.97275347 -0.12559875 -0.4784725  -0.87072922]
 [-0.34059981 -0.33271673 -0.8154235  -0.33997429 -0.56918344 -0.77710924]
 [-0.30926456 -0.43912687 -0.96747516 -0.91716745 -0.1753775  -0.04846274]
 ...
 [-0.41974795 -0.05156551 -0.84973254 -0.86990445 -0.89886242 -0.96158754]
 [-0.31407424 -0.9069266  -0.39888138 -0.15395324 -0.29735815 -0.77475159]
 [-0.14599648 -0.8826999  -0.39601254 -0.49190779 -0.10518637 -0.50352739]]
{'discount_factor': 0.9, 'learning_rate': 0.01, 'episodes': 50, 'iterations': 50, 'average_steps': 200.0, 'average_reward': -2.9700999999999995}
-=-=-=-=-=-=-=-=-=-=-=-=-=-=-=-=-=-=-=-=-=-=-=-=-=-=-=-=-=-=-=-=-=-=-=-=-=-=-=-=
[46/56] discount_factor=0.9, learning_rate=0.01, episodes=50, iterations=100
[[-0.67227699 -0.15190816 -0.33412785 -0.50762141 -0.15390367 -0.91043189]
 [-0.43850459 -0.43989108 -0.43754544 -0.92827653 -0.4424265  -0.44528385]
 [-0.88748117 -0.82385956 -0.98401641 -0.63416594 -0.15502548 -0.22681546]
 ...
 [-0.97937685 -0.25357098 -0.16546711 -0.6399377  -0.64900635 -0.80469546]
 [-0.83096566 -0.14321957 -0.26380143 -0.16304703 -0.34051223 -0.20949659]
 [-0.72280524 -0.1246086  -0.59910751 -0.50672682 -0.24138627 -0.57088412]]
{'discount_factor': 0.9, 'learning_rate': 0.01, 'episodes': 50, 'iterations': 100, 'average_steps': 200.0, 'average_reward': -3.4196500000000003}
-=-=-=-=-=-=-=-=-=-=-=-=-=-=-=-=-=-=-=-=-=-=-=-=-=-=-=-=-=-=-=-=-=-=-=-=-=-=-=-=
[47/56] discount_factor=0.9, learning_rate=0.01, episodes=100, iterations=50
[[-0.96904149 -0.99898985 -0.40181721 -0.27539502 -0.03161177 -0.34124115]
 [-0.91202842 -0.00924468 -0.18112866 -0.60799897 -0.99334476 -0.82390202]
 [-0.44205084 -0.43257572 -0.43454522 -0.43629592 -0.43701982 -1.06570676]
 ...
 [-0.72439962 -0.91677865 -0.72646343 -0.7267312  -0.76921366 -0.7653343 ]
 [-0.44803283 -0.85412774 -0.61174348 -0.35372859 -0.51208744 -0.43423762]
 [-0.33193532 -0.19094517 -0.15509621 -0.44091785 -0.16790251 -0.06817904]]
{'discount_factor': 0.9, 'learning_rate': 0.01, 'episodes': 100, 'iterations': 50, 'average_steps': 200.0, 'average_reward': -2.0755}
-=-=-=-=-=-=-=-=-=-=-=-=-=-=-=-=-=-=-=-=-=-=-=-=-=-=-=-=-=-=-=-=-=-=-=-=-=-=-=-=
[48/56] discount_factor=0.9, learning_rate=0.01, episodes=100, iterations=100
[[-0.12472787 -0.71417602 -0.58433277 -0.0492296  -0.83112473 -0.54438593]
 [-0.14643964 -0.78474162 -0.64350967 -0.15519711 -0.15827171 -0.20902544]
 [-0.83660823 -0.91400743 -0.83616073 -0.77569429 -0.77999689 -0.84246433]
 ...
 [-0.39427227 -0.31225163 -0.30790825 -0.31468187 -0.42010702 -0.52764941]
 [-0.36211867 -0.47278801 -0.3605256  -0.763372   -0.70115799 -0.44667275]
 [-0.51708892 -0.36501011 -0.28132058 -0.56114945 -0.69041419 -0.91622859]]
{'discount_factor': 0.9, 'learning_rate': 0.01, 'episodes': 100, 'iterations': 100, 'average_steps': 200.0, 'average_reward': -2.43595}
-=-=-=-=-=-=-=-=-=-=-=-=-=-=-=-=-=-=-=-=-=-=-=-=-=-=-=-=-=-=-=-=-=-=-=-=-=-=-=-=
[49/56] discount_factor=0.9, learning_rate=0.01, episodes=500, iterations=50
[[-0.31292051 -0.61530558 -0.36029399 -0.29845933 -0.687518   -0.58047387]
 [-0.94605544 -0.94236137 -0.95120841 -0.94579351 -0.94836533 -1.02566492]
 [-0.95341547 -0.95062998 -0.95612051 -0.9468493  -0.9547349  -1.0842242 ]
 ...
 [-1.02585698 -1.02324871 -1.02286373 -1.02906799 -1.07307663 -1.03298442]
 [-1.15953432 -1.16011654 -1.16412616 -1.16713638 -1.19690883 -1.23292498]
 [-0.55413242 -0.55608519 -0.60684314 -0.55940172 -0.565927   -0.58209308]]
{'discount_factor': 0.9, 'learning_rate': 0.01, 'episodes': 500, 'iterations': 50, 'average_steps': 200.0, 'average_reward': -1.3591}
-=-=-=-=-=-=-=-=-=-=-=-=-=-=-=-=-=-=-=-=-=-=-=-=-=-=-=-=-=-=-=-=-=-=-=-=-=-=-=-=
[50/56] discount_factor=0.9, learning_rate=0.01, episodes=500, iterations=100
[[-0.87881044 -0.62575933 -0.66829049 -0.80626348 -0.76016054 -0.31168422]
 [-1.17736299 -1.17966314 -1.17302981 -1.17300562 -1.18151269 -1.27585324]
 [-1.02198831 -1.02311214 -1.02965189 -1.02355359 -1.02576476 -1.07641349]
 ...
 [-1.0072403  -0.58595314 -0.58249338 -0.58779819 -0.67020132 -0.5800688 ]
 [-0.95295673 -0.95058313 -0.95429757 -0.95825605 -1.0962673  -0.98230559]
 [-0.63287753 -0.72652964 -0.63733689 -0.60387998 -0.72280108 -0.68370956]]
{'discount_factor': 0.9, 'learning_rate': 0.01, 'episodes': 500, 'iterations': 100, 'average_steps': 200.0, 'average_reward': -1.71775}
-=-=-=-=-=-=-=-=-=-=-=-=-=-=-=-=-=-=-=-=-=-=-=-=-=-=-=-=-=-=-=-=-=-=-=-=-=-=-=-=
[51/56] discount_factor=0.9, learning_rate=0.01, episodes=1000, iterations=50
[[-0.07287426 -0.33087908 -0.19980674 -0.16761061 -0.6355079  -0.94292435]
 [-1.14343319 -1.14647875 -1.14925688 -1.14004858 -1.14382501 -1.34968087]
 [-1.54095467 -1.54091104 -1.53483644 -1.5429611  -1.54149565 -1.62072851]
 ...
 [-1.0542644  -1.05221345 -1.04969105 -1.05587821 -1.09628188 -1.10613234]
 [-1.47708487 -1.47814881 -1.47582557 -1.4751455  -1.55016529 -1.48584119]
 [-0.73452218 -0.13575645 -0.1691695  -0.38410536 -0.21281201 -0.43296773]]
{'discount_factor': 0.9, 'learning_rate': 0.01, 'episodes': 1000, 'iterations': 50, 'average_steps': 200.0, 'average_reward': -1.7172999999999998}
-=-=-=-=-=-=-=-=-=-=-=-=-=-=-=-=-=-=-=-=-=-=-=-=-=-=-=-=-=-=-=-=-=-=-=-=-=-=-=-=
[52/56] discount_factor=0.9, learning_rate=0.01, episodes=1000, iterations=100
[[-0.89549359 -0.18449684 -0.20851869 -0.52844132 -0.10322565 -0.70803511]
 [-1.61538136 -1.61425023 -1.61378472 -1.60699957 -1.60645386 -1.64316151]
 [-1.33426117 -1.33200539 -1.33363852 -1.32810712 -1.32814664 -1.51825355]
 ...
 [-1.15778027 -1.15633198 -1.15031631 -1.1587333  -1.15639921 -1.16816596]
 [-1.25743954 -1.25887681 -1.25231071 -1.25690687 -1.36139929 -1.26935053]
 [-0.34038894 -0.73541642 -0.5449528  -0.33857929 -0.9237102  -0.59298786]]
{'discount_factor': 0.9, 'learning_rate': 0.01, 'episodes': 1000, 'iterations': 100, 'average_steps': 200.0, 'average_reward': -1.6295499999999998}
-=-=-=-=-=-=-=-=-=-=-=-=-=-=-=-=-=-=-=-=-=-=-=-=-=-=-=-=-=-=-=-=-=-=-=-=-=-=-=-=
[53/56] discount_factor=0.9, learning_rate=0.01, episodes=5000, iterations=50
[[-0.08566152 -0.07348393 -0.9517155  -0.93143426 -0.48432798 -0.88642658]
 [-3.60710053 -3.60775363 -3.60780788 -3.60640527 -3.60558243 -3.67476147]
 [-2.01844213 -1.97476803 -2.00914493 -1.99043557  0.68342069 -2.14904756]
 ...
 [-1.55057446 -1.48727981 -1.54960104 -1.55487031 -1.5758258  -1.61971217]
 [-2.59582015 -2.59797086 -2.59974369 -2.59952936 -2.71404029 -2.80086445]
 [-0.80988284 -0.54850148 -0.54507932  0.13651044 -0.61151692 -0.57243272]]
{'discount_factor': 0.9, 'learning_rate': 0.01, 'episodes': 5000, 'iterations': 50, 'average_steps': 173.14, 'average_reward': -0.9930666666666668}
-=-=-=-=-=-=-=-=-=-=-=-=-=-=-=-=-=-=-=-=-=-=-=-=-=-=-=-=-=-=-=-=-=-=-=-=-=-=-=-=
[54/56] discount_factor=0.9, learning_rate=0.01, episodes=5000, iterations=100
[[-0.28422286 -0.2363149  -0.80769465 -0.21874404 -0.2893419  -0.58004507]
 [-3.29156015 -3.28690839 -3.28797797 -3.28847682 -3.2883786  -3.37382704]
 [-2.16261084 -2.15363772 -2.15441247 -2.17181342  0.97045028 -2.44601986]
 ...
 [-1.42669067 -1.41325944 -1.4189093  -1.42199163 -1.4779618  -1.49043723]
 [-2.64964725 -2.64402117 -2.6483606  -2.6554055  -2.73630516 -2.65079002]
 [-0.32691579 -0.31993161 -0.7178064   0.40099571 -0.84093028 -0.48905994]]
{'discount_factor': 0.9, 'learning_rate': 0.01, 'episodes': 5000, 'iterations': 100, 'average_steps': 188.51, 'average_reward': -1.0267424242424243}
-=-=-=-=-=-=-=-=-=-=-=-=-=-=-=-=-=-=-=-=-=-=-=-=-=-=-=-=-=-=-=-=-=-=-=-=-=-=-=-=
[55/56] discount_factor=0.9, learning_rate=0.01, episodes=10000, iterations=50
[[-5.40576509e-01 -4.43403672e-01 -5.50394521e-01 -6.86692234e-01
  -3.47074536e-03 -5.38599312e-01]
 [-3.36578007e+00 -3.26927189e+00 -3.34798228e+00 -3.28773528e+00
  -1.76581477e-01 -3.45005776e+00]
 [-2.29664431e+00 -2.30852566e+00 -2.36160744e+00 -2.28202115e+00
   6.66536575e+00 -2.56981898e+00]
 ...
 [-1.20588139e+00 -1.15460119e+00 -1.20705640e+00 -1.22344965e+00
  -1.28658645e+00 -1.26639266e+00]
 [-2.92817314e+00 -2.93063179e+00 -2.93116407e+00 -2.83164325e+00
  -3.00015021e+00 -2.97108868e+00]
 [-7.53825055e-01 -7.03384169e-01 -4.49834400e-01  5.52765655e+00
  -4.98319015e-01 -3.18380102e-01]]
{'discount_factor': 0.9, 'learning_rate': 0.01, 'episodes': 10000, 'iterations': 50, 'average_steps': 131.92, 'average_reward': -0.44762097902097897}
-=-=-=-=-=-=-=-=-=-=-=-=-=-=-=-=-=-=-=-=-=-=-=-=-=-=-=-=-=-=-=-=-=-=-=-=-=-=-=-=
[56/56] discount_factor=0.9, learning_rate=0.01, episodes=10000, iterations=100
[[-0.02407473 -0.53199194 -0.34421119 -0.84884647 -0.32836259 -0.82371953]
 [-3.74879556 -3.71370238 -3.74273237 -3.66259284 -0.72685994 -3.77827541]
 [-1.54713591 -1.44686755 -1.66417761 -1.29929414  7.17349043 -1.81796726]
 ...
 [-1.73969982 -1.73287104 -1.7324897  -1.68166373 -1.78407466 -1.76333633]
 [-2.41951299 -2.41407772 -2.40966131 -2.23621784 -2.46316174 -2.47321629]
 [-0.58280423 -0.56395667 -0.58199151 -0.81333009 -0.6671142  -0.95927474]]
{'discount_factor': 0.9, 'learning_rate': 0.01, 'episodes': 10000, 'iterations': 100, 'average_steps': 114.81, 'average_reward': -0.17564044289044292}
-=-=-=-=-=-=-=-=-=-=-=-=-=-=-=-=-=-=-=-=-=-=-=-=-=-=-=-=-=-=-=-=-=-=-=-=-=-=-=-=
